<?xml version="1.0" encoding="UTF-8" ?>
<testsuite tests="1" failures="0" name="loja.TesteServicoCategoria" time="23.152" errors="1" skipped="0">
  <properties>
[...]
</properties>
  <testcase classname="loja.TesteServicoCategoria" name="loja.TesteServicoCategoria" time="23.152">
    <error message="Cannot deploy testeseguro.war: {&quot;WFLYCTL0062: Composite operation failed and was rolled back. Steps that failed:&quot; =&gt; {&quot;Operation step-1&quot; =&gt; {&quot;WFLYCTL0288: One or more services were unable to start due to one or more indirect dependencies not being available.&quot; =&gt; {&quot;Services that were unable to start:&quot; =&gt; [&quot;jboss.deployment.unit.\&quot;testeseguro.war\&quot;.CdiValidatorFactoryService&quot;,&quot;jboss.deployment.unit.\&quot;testeseguro.war\&quot;.WeldStartService&quot;,&quot;jboss.deployment.unit.\&quot;testeseguro.war\&quot;.component.ServicoCategoria.START&quot;,&quot;jboss.deployment.unit.\&quot;testeseguro.war\&quot;.component.ServicoCategoria.WeldInstantiator&quot;,&quot;jboss.deployment.unit.\&quot;testeseguro.war\&quot;.component.ServicoCategoria.WeldInterceptorBindingsService&quot;,&quot;jboss.deployment.unit.\&quot;testeseguro.war\&quot;.component.ServicoCliente.START&quot;,&quot;jboss.deployment.unit.\&quot;testeseguro.war\&quot;.component.ServicoCliente.WeldInstantiator&quot;,&quot;jboss.deployment.unit.\&quot;testeseguro.war\&quot;.component.ServicoCliente.WeldInterceptorBindingsService&quot;,&quot;jboss.deployment.unit.\&quot;testeseguro.war\&quot;.component.ServicoProduto.START&quot;,&quot;jboss.deployment.unit.\&quot;testeseguro.war\&quot;.component.ServicoProduto.WeldInstantiator&quot;,&quot;jboss.deployment.unit.\&quot;testeseguro.war\&quot;.component.ServicoProduto.WeldInterceptorBindingsService&quot;,&quot;jboss.deployment.unit.\&quot;testeseguro.war\&quot;.component.\&quot;com.sun.faces.config.ConfigureListener\&quot;.START&quot;,&quot;jboss.deployment.unit.\&quot;testeseguro.war\&quot;.component.\&quot;com.sun.faces.config.ConfigureListener\&quot;.WeldInstantiator&quot;,&quot;jboss.deployment.unit.\&quot;testeseguro.war\&quot;.component.\&quot;javax.faces.webapp.FacetTag\&quot;.START&quot;,&quot;jboss.deployment.unit.\&quot;testeseguro.war\&quot;.component.\&quot;javax.faces.webapp.FacetTag\&quot;.WeldInstantiator&quot;,&quot;jboss.deployment.unit.\&quot;testeseguro.war\&quot;.component.\&quot;javax.servlet.jsp.jstl.tlv.PermittedTaglibsTLV\&quot;.START&quot;,&quot;jboss.deployment.unit.\&quot;testeseguro.war\&quot;.component.\&quot;javax.servlet.jsp.jstl.tlv.PermittedTaglibsTLV\&quot;.WeldInstantiator&quot;,&quot;jboss.deployment.unit.\&quot;testeseguro.war\&quot;.component.\&quot;javax.servlet.jsp.jstl.tlv.ScriptFreeTLV\&quot;.START&quot;,&quot;jboss.deployment.unit.\&quot;testeseguro.war\&quot;.component.\&quot;javax.servlet.jsp.jstl.tlv.ScriptFreeTLV\&quot;.WeldInstantiator&quot;,&quot;jboss.deployment.unit.\&quot;testeseguro.war\&quot;.component.\&quot;org.jboss.arquillian.protocol.servlet.runner.ServletTestRunner\&quot;.START&quot;,&quot;jboss.deployment.unit.\&quot;testeseguro.war\&quot;.component.\&quot;org.jboss.arquillian.protocol.servlet.runner.ServletTestRunner\&quot;.WeldInstantiator&quot;,&quot;jboss.deployment.unit.\&quot;testeseguro.war\&quot;.component.\&quot;org.jboss.weld.servlet.WeldInitialListener\&quot;.START&quot;,&quot;jboss.deployment.unit.\&quot;testeseguro.war\&quot;.component.\&quot;org.jboss.weld.servlet.WeldInitialListener\&quot;.WeldInstantiator&quot;,&quot;jboss.deployment.unit.\&quot;testeseguro.war\&quot;.component.\&quot;org.jboss.weld.servlet.WeldTerminalListener\&quot;.START&quot;,&quot;jboss.deployment.unit.\&quot;testeseguro.war\&quot;.component.\&quot;org.jboss.weld.servlet.WeldTerminalListener\&quot;.WeldInstantiator&quot;,&quot;jboss.deployment.unit.\&quot;testeseguro.war\&quot;.deploymentCompleteService&quot;,&quot;jboss.deployment.unit.\&quot;testeseguro.war\&quot;.moduleDeploymentRuntimeInformationStart&quot;,&quot;jboss.persistenceunit.\&quot;testeseguro.war#primary\&quot;&quot;,&quot;jboss.persistenceunit.\&quot;testeseguro.war#primary\&quot;.__FIRST_PHASE__&quot;,&quot;jboss.undertow.deployment.default-server.default-host./testeseguro&quot;,&quot;jboss.undertow.deployment.default-server.default-host./testeseguro.UndertowDeploymentInfoService&quot;],&quot;Services that may be the cause:&quot; =&gt; [&quot;jboss.jdbc-driver.mysql&quot;]}}}}" type="org.jboss.arquillian.container.spi.client.container.DeploymentException">org.jboss.arquillian.container.spi.client.container.DeploymentException: Cannot deploy testeseguro.war: {&quot;WFLYCTL0062: Composite operation failed and was rolled back. Steps that failed:&quot; =&gt; {&quot;Operation step-1&quot; =&gt; {&quot;WFLYCTL0288: One or more services were unable to start due to one or more indirect dependencies not being available.&quot; =&gt; {&quot;Services that were unable to start:&quot; =&gt; [&quot;jboss.deployment.unit.\&quot;testeseguro.war\&quot;.CdiValidatorFactoryService&quot;,&quot;jboss.deployment.unit.\&quot;testeseguro.war\&quot;.WeldStartService&quot;,&quot;jboss.deployment.unit.\&quot;testeseguro.war\&quot;.component.ServicoCategoria.START&quot;,&quot;jboss.deployment.unit.\&quot;testeseguro.war\&quot;.component.ServicoCategoria.WeldInstantiator&quot;,&quot;jboss.deployment.unit.\&quot;testeseguro.war\&quot;.component.ServicoCategoria.WeldInterceptorBindingsService&quot;,&quot;jboss.deployment.unit.\&quot;testeseguro.war\&quot;.component.ServicoCliente.START&quot;,&quot;jboss.deployment.unit.\&quot;testeseguro.war\&quot;.component.ServicoCliente.WeldInstantiator&quot;,&quot;jboss.deployment.unit.\&quot;testeseguro.war\&quot;.component.ServicoCliente.WeldInterceptorBindingsService&quot;,&quot;jboss.deployment.unit.\&quot;testeseguro.war\&quot;.component.ServicoProduto.START&quot;,&quot;jboss.deployment.unit.\&quot;testeseguro.war\&quot;.component.ServicoProduto.WeldInstantiator&quot;,&quot;jboss.deployment.unit.\&quot;testeseguro.war\&quot;.component.ServicoProduto.WeldInterceptorBindingsService&quot;,&quot;jboss.deployment.unit.\&quot;testeseguro.war\&quot;.component.\&quot;com.sun.faces.config.ConfigureListener\&quot;.START&quot;,&quot;jboss.deployment.unit.\&quot;testeseguro.war\&quot;.component.\&quot;com.sun.faces.config.ConfigureListener\&quot;.WeldInstantiator&quot;,&quot;jboss.deployment.unit.\&quot;testeseguro.war\&quot;.component.\&quot;javax.faces.webapp.FacetTag\&quot;.START&quot;,&quot;jboss.deployment.unit.\&quot;testeseguro.war\&quot;.component.\&quot;javax.faces.webapp.FacetTag\&quot;.WeldInstantiator&quot;,&quot;jboss.deployment.unit.\&quot;testeseguro.war\&quot;.component.\&quot;javax.servlet.jsp.jstl.tlv.PermittedTaglibsTLV\&quot;.START&quot;,&quot;jboss.deployment.unit.\&quot;testeseguro.war\&quot;.component.\&quot;javax.servlet.jsp.jstl.tlv.PermittedTaglibsTLV\&quot;.WeldInstantiator&quot;,&quot;jboss.deployment.unit.\&quot;testeseguro.war\&quot;.component.\&quot;javax.servlet.jsp.jstl.tlv.ScriptFreeTLV\&quot;.START&quot;,&quot;jboss.deployment.unit.\&quot;testeseguro.war\&quot;.component.\&quot;javax.servlet.jsp.jstl.tlv.ScriptFreeTLV\&quot;.WeldInstantiator&quot;,&quot;jboss.deployment.unit.\&quot;testeseguro.war\&quot;.component.\&quot;org.jboss.arquillian.protocol.servlet.runner.ServletTestRunner\&quot;.START&quot;,&quot;jboss.deployment.unit.\&quot;testeseguro.war\&quot;.component.\&quot;org.jboss.arquillian.protocol.servlet.runner.ServletTestRunner\&quot;.WeldInstantiator&quot;,&quot;jboss.deployment.unit.\&quot;testeseguro.war\&quot;.component.\&quot;org.jboss.weld.servlet.WeldInitialListener\&quot;.START&quot;,&quot;jboss.deployment.unit.\&quot;testeseguro.war\&quot;.component.\&quot;org.jboss.weld.servlet.WeldInitialListener\&quot;.WeldInstantiator&quot;,&quot;jboss.deployment.unit.\&quot;testeseguro.war\&quot;.component.\&quot;org.jboss.weld.servlet.WeldTerminalListener\&quot;.START&quot;,&quot;jboss.deployment.unit.\&quot;testeseguro.war\&quot;.component.\&quot;org.jboss.weld.servlet.WeldTerminalListener\&quot;.WeldInstantiator&quot;,&quot;jboss.deployment.unit.\&quot;testeseguro.war\&quot;.deploymentCompleteService&quot;,&quot;jboss.deployment.unit.\&quot;testeseguro.war\&quot;.moduleDeploymentRuntimeInformationStart&quot;,&quot;jboss.persistenceunit.\&quot;testeseguro.war#primary\&quot;&quot;,&quot;jboss.persistenceunit.\&quot;testeseguro.war#primary\&quot;.__FIRST_PHASE__&quot;,&quot;jboss.undertow.deployment.default-server.default-host./testeseguro&quot;,&quot;jboss.undertow.deployment.default-server.default-host./testeseguro.UndertowDeploymentInfoService&quot;],&quot;Services that may be the cause:&quot; =&gt; [&quot;jboss.jdbc-driver.mysql&quot;]}}}}
	at org.jboss.as.arquillian.container.ArchiveDeployer.deployInternal(ArchiveDeployer.java:184)
	at org.jboss.as.arquillian.container.ArchiveDeployer.deployInternal(ArchiveDeployer.java:162)
	at org.jboss.as.arquillian.container.ArchiveDeployer.deploy(ArchiveDeployer.java:91)
	at org.jboss.as.arquillian.container.CommonDeployableContainer.deploy(CommonDeployableContainer.java:244)
	at org.jboss.arquillian.container.impl.client.container.ContainerDeployController$3.call(ContainerDeployController.java:151)
	at org.jboss.arquillian.container.impl.client.container.ContainerDeployController$3.call(ContainerDeployController.java:118)
	at org.jboss.arquillian.container.impl.client.container.ContainerDeployController.executeOperation(ContainerDeployController.java:239)
	at org.jboss.arquillian.container.impl.client.container.ContainerDeployController.deploy(ContainerDeployController.java:118)
	at sun.reflect.NativeMethodAccessorImpl.invoke0(Native Method)
	at sun.reflect.NativeMethodAccessorImpl.invoke(NativeMethodAccessorImpl.java:62)
	at sun.reflect.DelegatingMethodAccessorImpl.invoke(DelegatingMethodAccessorImpl.java:43)
	at java.lang.reflect.Method.invoke(Method.java:498)
	at org.jboss.arquillian.core.impl.ObserverImpl.invoke(ObserverImpl.java:86)
	at org.jboss.arquillian.core.impl.EventContextImpl.invokeObservers(EventContextImpl.java:103)
	at org.jboss.arquillian.core.impl.EventContextImpl.proceed(EventContextImpl.java:90)
	at org.jboss.arquillian.container.impl.client.ContainerDeploymentContextHandler.createContainerContext(ContainerDeploymentContextHandler.java:54)
	at sun.reflect.NativeMethodAccessorImpl.invoke0(Native Method)
	at sun.reflect.NativeMethodAccessorImpl.invoke(NativeMethodAccessorImpl.java:62)
	at sun.reflect.DelegatingMethodAccessorImpl.invoke(DelegatingMethodAccessorImpl.java:43)
	at java.lang.reflect.Method.invoke(Method.java:498)
	at org.jboss.arquillian.core.impl.ObserverImpl.invoke(ObserverImpl.java:86)
	at org.jboss.arquillian.core.impl.EventContextImpl.proceed(EventContextImpl.java:95)
	at org.jboss.arquillian.container.impl.client.ContainerDeploymentContextHandler.createDeploymentContext(ContainerDeploymentContextHandler.java:71)
	at sun.reflect.NativeMethodAccessorImpl.invoke0(Native Method)
	at sun.reflect.NativeMethodAccessorImpl.invoke(NativeMethodAccessorImpl.java:62)
	at sun.reflect.DelegatingMethodAccessorImpl.invoke(DelegatingMethodAccessorImpl.java:43)
	at java.lang.reflect.Method.invoke(Method.java:498)
	at org.jboss.arquillian.core.impl.ObserverImpl.invoke(ObserverImpl.java:86)
	at org.jboss.arquillian.core.impl.EventContextImpl.proceed(EventContextImpl.java:95)
	at org.jboss.arquillian.container.impl.client.container.DeploymentExceptionHandler.verifyExpectedExceptionDuringDeploy(DeploymentExceptionHandler.java:47)
	at sun.reflect.NativeMethodAccessorImpl.invoke0(Native Method)
	at sun.reflect.NativeMethodAccessorImpl.invoke(NativeMethodAccessorImpl.java:62)
	at sun.reflect.DelegatingMethodAccessorImpl.invoke(DelegatingMethodAccessorImpl.java:43)
	at java.lang.reflect.Method.invoke(Method.java:498)
	at org.jboss.arquillian.core.impl.ObserverImpl.invoke(ObserverImpl.java:86)
	at org.jboss.arquillian.core.impl.EventContextImpl.proceed(EventContextImpl.java:95)
	at org.jboss.arquillian.core.impl.ManagerImpl.fire(ManagerImpl.java:133)
	at org.jboss.arquillian.core.impl.ManagerImpl.fire(ManagerImpl.java:105)
	at org.jboss.arquillian.core.impl.EventImpl.fire(EventImpl.java:62)
	at org.jboss.arquillian.container.impl.client.container.ContainerDeployController$1.perform(ContainerDeployController.java:92)
	at org.jboss.arquillian.container.impl.client.container.ContainerDeployController$1.perform(ContainerDeployController.java:77)
	at org.jboss.arquillian.container.impl.client.container.ContainerDeployController.forEachDeployment(ContainerDeployController.java:232)
	at org.jboss.arquillian.container.impl.client.container.ContainerDeployController.forEachManagedDeployment(ContainerDeployController.java:212)
	at org.jboss.arquillian.container.impl.client.container.ContainerDeployController.deployManaged(ContainerDeployController.java:77)
	at sun.reflect.NativeMethodAccessorImpl.invoke0(Native Method)
	at sun.reflect.NativeMethodAccessorImpl.invoke(NativeMethodAccessorImpl.java:62)
	at sun.reflect.DelegatingMethodAccessorImpl.invoke(DelegatingMethodAccessorImpl.java:43)
	at java.lang.reflect.Method.invoke(Method.java:498)
	at org.jboss.arquillian.core.impl.ObserverImpl.invoke(ObserverImpl.java:86)
	at org.jboss.arquillian.core.impl.EventContextImpl.invokeObservers(EventContextImpl.java:103)
	at org.jboss.arquillian.core.impl.EventContextImpl.proceed(EventContextImpl.java:90)
	at org.jboss.arquillian.core.impl.ManagerImpl.fire(ManagerImpl.java:133)
	at org.jboss.arquillian.core.impl.ManagerImpl.fire(ManagerImpl.java:105)
	at org.jboss.arquillian.core.impl.EventImpl.fire(EventImpl.java:62)
	at org.jboss.arquillian.container.test.impl.client.ContainerEventController.execute(ContainerEventController.java:96)
	at sun.reflect.NativeMethodAccessorImpl.invoke0(Native Method)
	at sun.reflect.NativeMethodAccessorImpl.invoke(NativeMethodAccessorImpl.java:62)
	at sun.reflect.DelegatingMethodAccessorImpl.invoke(DelegatingMethodAccessorImpl.java:43)
	at java.lang.reflect.Method.invoke(Method.java:498)
	at org.jboss.arquillian.core.impl.ObserverImpl.invoke(ObserverImpl.java:86)
	at org.jboss.arquillian.core.impl.EventContextImpl.invokeObservers(EventContextImpl.java:103)
	at org.jboss.arquillian.core.impl.EventContextImpl.proceed(EventContextImpl.java:90)
	at org.jboss.arquillian.test.impl.TestContextHandler.createSuiteContext(TestContextHandler.java:69)
	at sun.reflect.NativeMethodAccessorImpl.invoke0(Native Method)
	at sun.reflect.NativeMethodAccessorImpl.invoke(NativeMethodAccessorImpl.java:62)
	at sun.reflect.DelegatingMethodAccessorImpl.invoke(DelegatingMethodAccessorImpl.java:43)
	at java.lang.reflect.Method.invoke(Method.java:498)
	at org.jboss.arquillian.core.impl.ObserverImpl.invoke(ObserverImpl.java:86)
	at org.jboss.arquillian.core.impl.EventContextImpl.proceed(EventContextImpl.java:95)
	at org.jboss.arquillian.test.impl.TestContextHandler.createClassContext(TestContextHandler.java:83)
	at sun.reflect.NativeMethodAccessorImpl.invoke0(Native Method)
	at sun.reflect.NativeMethodAccessorImpl.invoke(NativeMethodAccessorImpl.java:62)
	at sun.reflect.DelegatingMethodAccessorImpl.invoke(DelegatingMethodAccessorImpl.java:43)
	at java.lang.reflect.Method.invoke(Method.java:498)
	at org.jboss.arquillian.core.impl.ObserverImpl.invoke(ObserverImpl.java:86)
	at org.jboss.arquillian.core.impl.EventContextImpl.proceed(EventContextImpl.java:95)
	at org.jboss.arquillian.core.impl.ManagerImpl.fire(ManagerImpl.java:133)
	at org.jboss.arquillian.core.impl.ManagerImpl.fire(ManagerImpl.java:105)
	at org.jboss.arquillian.test.impl.EventTestRunnerAdaptor.beforeClass(EventTestRunnerAdaptor.java:80)
	at org.jboss.arquillian.junit.Arquillian$2.evaluate(Arquillian.java:171)
	at org.jboss.arquillian.junit.Arquillian.multiExecute(Arquillian.java:376)
	at org.jboss.arquillian.junit.Arquillian.access$200(Arquillian.java:54)
	at org.jboss.arquillian.junit.Arquillian$3.evaluate(Arquillian.java:185)
	at org.junit.runners.ParentRunner.run(ParentRunner.java:363)
	at org.jboss.arquillian.junit.Arquillian.run(Arquillian.java:140)
	at org.apache.maven.surefire.junit4.JUnit4Provider.execute(JUnit4Provider.java:252)
	at org.apache.maven.surefire.junit4.JUnit4Provider.executeTestSet(JUnit4Provider.java:141)
	at org.apache.maven.surefire.junit4.JUnit4Provider.invoke(JUnit4Provider.java:112)
	at sun.reflect.NativeMethodAccessorImpl.invoke0(Native Method)
	at sun.reflect.NativeMethodAccessorImpl.invoke(NativeMethodAccessorImpl.java:62)
	at sun.reflect.DelegatingMethodAccessorImpl.invoke(DelegatingMethodAccessorImpl.java:43)
	at java.lang.reflect.Method.invoke(Method.java:498)
	at org.apache.maven.surefire.util.ReflectionUtils.invokeMethodWithArray(ReflectionUtils.java:189)
	at org.apache.maven.surefire.booter.ProviderFactory$ProviderProxy.invoke(ProviderFactory.java:165)
	at org.apache.maven.surefire.booter.ProviderFactory.invokeProvider(ProviderFactory.java:85)
	at org.apache.maven.surefire.booter.ForkedBooter.runSuitesInProcess(ForkedBooter.java:115)
	at org.apache.maven.surefire.booter.ForkedBooter.main(ForkedBooter.java:75)
</error>
    <system-err>jun 28, 2018 7:58:26 PM org.jboss.arquillian.container.impl.MapObject populate
ADVERTÊNCIA: Configuration contain properties not supported by the backing object org.jboss.as.arquillian.container.remote.RemoteContainerConfiguration
Unused property entries: {outputToConsole=true, javaVmArguments=-Djboss.socket.binding.port-offset=100, serverConfig=standalone.xml, jbossHome=C:\Users\116119050\wildfly-11.0.0.Final}
Supported property names: [managementAddress, password, managementPort, port, managementProtocol, host, authenticationConfig, username]
jun 28, 2018 7:58:28 PM org.jboss.remoting3.EndpointImpl &lt;clinit&gt;
INFO: JBoss Remoting version 5.0.0.Final
jun 28, 2018 7:58:28 PM org.xnio.Xnio &lt;clinit&gt;
INFO: XNIO version 3.5.1.Final
jun 28, 2018 7:58:28 PM org.xnio.nio.NioXnio &lt;clinit&gt;
INFO: XNIO NIO Implementation Version 3.5.1.Final
jun 28, 2018 7:58:30 PM org.wildfly.security.Version &lt;clinit&gt;
INFO: ELY00001: WildFly Elytron version 1.1.6.Final
jun 28, 2018 7:58:46 PM org.jboss.as.arquillian.container.ArchiveDeployer undeploy
WARN: Failed to undeploy testeseguro.war: {&quot;WFLYCTL0062: Composite operation failed and was rolled back. Steps that failed:&quot; =&gt; {&quot;Operation step-1&quot; =&gt; &quot;WFLYCTL0216: Management resource &apos;[(\&quot;deployment\&quot; =&gt; \&quot;testeseguro.war\&quot;)]&apos; not found&quot;}}
</system-err>
  </testcase>
</testsuite>